07-10 06:33:53 com_github_MitjaNemec_Archive3DModels.action_archive_3d_models 220:Plugin executed on: 'linux'
07-10 06:33:53 com_github_MitjaNemec_Archive3DModels.action_archive_3d_models 221:Plugin executed with python version: '3.10.6 (main, May 29 2023, 11:10:38) [GCC 11.3.0]'
07-10 06:33:53 com_github_MitjaNemec_Archive3DModels.action_archive_3d_models 222:KiCad build version: 6.0.11-2627ca5db0~126~ubuntu22.04.1
07-10 06:33:53 com_github_MitjaNemec_Archive3DModels.action_archive_3d_models 223:Plugin version: 1.0.9

07-10 06:33:53 com_github_MitjaNemec_Archive3DModels.action_archive_3d_models 228:Screen sizes: [wx.Size(1920, 1080)]
07-10 06:33:53 com_github_MitjaNemec_Archive3DModels.action_archive_3d_models 235:Dialog size: wx.Size(213, 81)
07-10 06:33:53 com_github_MitjaNemec_Archive3DModels.action_archive_3d_models 237:Char size: 17
07-10 06:33:55 com_github_MitjaNemec_Archive3DModels.archive_3d_models 24:Starting to archive 3D models
07-10 06:33:55 com_github_MitjaNemec_Archive3DModels.archive_3d_models 45:Getting 3D models for footprint of: J303
07-10 06:33:55 com_github_MitjaNemec_Archive3DModels.archive_3d_models 45:Getting 3D models for footprint of: J401
07-10 06:33:55 com_github_MitjaNemec_Archive3DModels.archive_3d_models 56:Trying to copy: ${KIPRJMOD}/packages3D/BatteryHolder_Seiko_MS621F.step
07-10 06:33:55 com_github_MitjaNemec_Archive3DModels.archive_3d_models 136:Remapping: ${KIPRJMOD}/packages3D/BatteryHolder_Seiko_MS621F.step
07-10 06:33:55 com_github_MitjaNemec_Archive3DModels.archive_3d_models 45:Getting 3D models for footprint of: C404
07-10 06:33:55 com_github_MitjaNemec_Archive3DModels.archive_3d_models 56:Trying to copy: ${KIPRJMOD}/packages3D/C_0402_1005Metric.step
07-10 06:33:55 com_github_MitjaNemec_Archive3DModels.archive_3d_models 136:Remapping: ${KIPRJMOD}/packages3D/C_0402_1005Metric.step
07-10 06:33:55 com_github_MitjaNemec_Archive3DModels.archive_3d_models 45:Getting 3D models for footprint of: U501
07-10 06:33:55 com_github_MitjaNemec_Archive3DModels.archive_3d_models 56:Trying to copy: ${KIPRJMOD}/packages3D/RV-3028-C7.stp
07-10 06:33:55 com_github_MitjaNemec_Archive3DModels.archive_3d_models 136:Remapping: ${KIPRJMOD}/packages3D/RV-3028-C7.stp
07-10 06:33:55 com_github_MitjaNemec_Archive3DModels.archive_3d_models 45:Getting 3D models for footprint of: R1
07-10 06:33:55 com_github_MitjaNemec_Archive3DModels.archive_3d_models 56:Trying to copy: ${KIPRJMOD}/packages3D/R_0201_0603Metric.wrl
07-10 06:33:55 com_github_MitjaNemec_Archive3DModels.archive_3d_models 136:Remapping: ${KIPRJMOD}/packages3D/R_0201_0603Metric.wrl
07-10 06:33:55 com_github_MitjaNemec_Archive3DModels.archive_3d_models 45:Getting 3D models for footprint of: C501
07-10 06:33:55 com_github_MitjaNemec_Archive3DModels.archive_3d_models 56:Trying to copy: ${KIPRJMOD}/packages3D/C_0201_0603Metric.wrl
07-10 06:33:55 com_github_MitjaNemec_Archive3DModels.archive_3d_models 136:Remapping: ${KIPRJMOD}/packages3D/C_0201_0603Metric.wrl
07-10 06:33:55 com_github_MitjaNemec_Archive3DModels.archive_3d_models 45:Getting 3D models for footprint of: C503
07-10 06:33:55 com_github_MitjaNemec_Archive3DModels.archive_3d_models 56:Trying to copy: ${KIPRJMOD}/packages3D/C_0201_0603Metric.wrl
07-10 06:33:55 com_github_MitjaNemec_Archive3DModels.archive_3d_models 136:Remapping: ${KIPRJMOD}/packages3D/C_0201_0603Metric.wrl
07-10 06:33:55 com_github_MitjaNemec_Archive3DModels.archive_3d_models 45:Getting 3D models for footprint of: D401
07-10 06:33:55 com_github_MitjaNemec_Archive3DModels.archive_3d_models 56:Trying to copy: ${KIPRJMOD}/packages3D/D_SOD-923.step
07-10 06:33:55 com_github_MitjaNemec_Archive3DModels.archive_3d_models 136:Remapping: ${KIPRJMOD}/packages3D/D_SOD-923.step
07-10 06:33:55 com_github_MitjaNemec_Archive3DModels.archive_3d_models 45:Getting 3D models for footprint of: U1
07-10 06:33:55 com_github_MitjaNemec_Archive3DModels.archive_3d_models 56:Trying to copy: ${KIPRJMOD}/packages3D/at25wlcsp.step
07-10 06:33:55 com_github_MitjaNemec_Archive3DModels.archive_3d_models 136:Remapping: ${KIPRJMOD}/packages3D/at25wlcsp.step
07-10 06:33:55 com_github_MitjaNemec_Archive3DModels.archive_3d_models 45:Getting 3D models for footprint of: C502
07-10 06:33:55 com_github_MitjaNemec_Archive3DModels.archive_3d_models 56:Trying to copy: ${KIPRJMOD}/packages3D/C_0201_0603Metric.wrl
07-10 06:33:55 com_github_MitjaNemec_Archive3DModels.archive_3d_models 136:Remapping: ${KIPRJMOD}/packages3D/C_0201_0603Metric.wrl
07-10 06:33:55 com_github_MitjaNemec_Archive3DModels.archive_3d_models 45:Getting 3D models for footprint of: J304
07-10 06:33:55 com_github_MitjaNemec_Archive3DModels.archive_3d_models 45:Getting 3D models for footprint of: J301
07-10 06:33:55 com_github_MitjaNemec_Archive3DModels.archive_3d_models 45:Getting 3D models for footprint of: J302
07-10 06:33:55 com_github_MitjaNemec_Archive3DModels.archive_3d_models 45:Getting 3D models for footprint of: Q501
07-10 06:33:55 com_github_MitjaNemec_Archive3DModels.archive_3d_models 56:Trying to copy: ${KIPRJMOD}/packages3D/Diodes_DFN1006-3.step
07-10 06:33:55 com_github_MitjaNemec_Archive3DModels.archive_3d_models 136:Remapping: ${KIPRJMOD}/packages3D/Diodes_DFN1006-3.step
07-10 06:33:55 com_github_MitjaNemec_Archive3DModels.archive_3d_models 56:Trying to copy: ${KIPRJMOD}/packages3D/Diodes_DFN1006-3.step
07-10 06:33:55 com_github_MitjaNemec_Archive3DModels.archive_3d_models 136:Remapping: ${KIPRJMOD}/packages3D/Diodes_DFN1006-3.step
07-10 06:33:55 com_github_MitjaNemec_Archive3DModels.archive_3d_models 45:Getting 3D models for footprint of: C1
07-10 06:33:55 com_github_MitjaNemec_Archive3DModels.archive_3d_models 56:Trying to copy: ${KIPRJMOD}/packages3D/C_0201_0603Metric.wrl
07-10 06:33:55 com_github_MitjaNemec_Archive3DModels.archive_3d_models 136:Remapping: ${KIPRJMOD}/packages3D/C_0201_0603Metric.wrl
07-10 06:33:55 com_github_MitjaNemec_Archive3DModels.archive_3d_models 45:Getting 3D models for footprint of: C2
07-10 06:33:55 com_github_MitjaNemec_Archive3DModels.archive_3d_models 56:Trying to copy: ${KIPRJMOD}/packages3D/C_0201_0603Metric.wrl
07-10 06:33:55 com_github_MitjaNemec_Archive3DModels.archive_3d_models 136:Remapping: ${KIPRJMOD}/packages3D/C_0201_0603Metric.wrl
07-10 06:33:55 com_github_MitjaNemec_Archive3DModels.archive_3d_models 45:Getting 3D models for footprint of: C3
07-10 06:33:55 com_github_MitjaNemec_Archive3DModels.archive_3d_models 56:Trying to copy: ${KIPRJMOD}/packages3D/C_0201_0603Metric.wrl
07-10 06:33:55 com_github_MitjaNemec_Archive3DModels.archive_3d_models 136:Remapping: ${KIPRJMOD}/packages3D/C_0201_0603Metric.wrl
07-10 06:33:55 com_github_MitjaNemec_Archive3DModels.archive_3d_models 45:Getting 3D models for footprint of: U2
07-10 06:33:55 com_github_MitjaNemec_Archive3DModels.archive_3d_models 56:Trying to copy: /home/geobrown/Research/ultralight-tags/hardware/kicad_libraries/3d_models/CC-12-4_ADI.step
07-10 06:33:55 com_github_MitjaNemec_Archive3DModels.archive_3d_models 136:Remapping: /home/geobrown/Research/ultralight-tags/hardware/kicad_libraries/3d_models/CC-12-4_ADI.step
07-10 06:33:55 com_github_MitjaNemec_Archive3DModels.archive_3d_models 45:Getting 3D models for footprint of: C5
07-10 06:33:55 com_github_MitjaNemec_Archive3DModels.archive_3d_models 56:Trying to copy: ${KIPRJMOD}/packages3D/C_0201_0603Metric.wrl
07-10 06:33:55 com_github_MitjaNemec_Archive3DModels.archive_3d_models 136:Remapping: ${KIPRJMOD}/packages3D/C_0201_0603Metric.wrl
07-10 06:33:55 com_github_MitjaNemec_Archive3DModels.archive_3d_models 45:Getting 3D models for footprint of: J201
07-10 06:33:55 com_github_MitjaNemec_Archive3DModels.archive_3d_models 45:Getting 3D models for footprint of: U302
07-10 06:33:55 com_github_MitjaNemec_Archive3DModels.archive_3d_models 56:Trying to copy: ${KIPRJMOD}/packages3D/QFN-32-1EP_5x5mm_P0.5mm_EP3.45x3.45mm.wrl
07-10 06:33:55 com_github_MitjaNemec_Archive3DModels.archive_3d_models 136:Remapping: ${KIPRJMOD}/packages3D/QFN-32-1EP_5x5mm_P0.5mm_EP3.45x3.45mm.wrl
07-10 06:33:55 com_github_MitjaNemec_Archive3DModels.archive_3d_models 45:Getting 3D models for footprint of: C4
07-10 06:33:55 com_github_MitjaNemec_Archive3DModels.archive_3d_models 56:Trying to copy: ${KIPRJMOD}/packages3D/C_0402_1005Metric.step
07-10 06:33:55 com_github_MitjaNemec_Archive3DModels.archive_3d_models 136:Remapping: ${KIPRJMOD}/packages3D/C_0402_1005Metric.step
07-10 06:33:55 com_github_MitjaNemec_Archive3DModels.archive_3d_models 56:Trying to copy: ${KIPRJMOD}/packages3D/C_0402_1005Metric.step
07-10 06:33:55 com_github_MitjaNemec_Archive3DModels.archive_3d_models 136:Remapping: ${KIPRJMOD}/packages3D/C_0402_1005Metric.step
07-10 06:33:55 com_github_MitjaNemec_Archive3DModels.archive_3d_models 56:Trying to copy: ${KIPRJMOD}/packages3D/C_0402_1005Metric.step
07-10 06:33:55 com_github_MitjaNemec_Archive3DModels.archive_3d_models 136:Remapping: ${KIPRJMOD}/packages3D/C_0402_1005Metric.step
